make all --print-data-base --no-builtin-variables --no-builtin-rules --question
# GNU Make 3.81
# Copyright (C) 2006  Free Software Foundation, Inc.
# This is free software; see the source for copying conditions.
# There is NO warranty; not even for MERCHANTABILITY or FITNESS FOR A
# PARTICULAR PURPOSE.

# This program built for i386-apple-darwin11.3.0
 
Makefile:285: warning: overriding commands for target `test'
Makefile:151: warning: ignoring old commands for target `test'


# Make data base, printed on Fri May 20 08:37:10 2022

# Variables

# makefile (from `Makefile', line 47)
build_tags := netgo ledger
# automatic
<D = $(patsubst %/,%,$(dir $<))
# makefile (from `tools.mk', line 39)
PREFIX = /usr/local
# automatic
?F = $(notdir $?)
# environment
VSCODE_LOG_NATIVE = false
# automatic
?D = $(patsubst %/,%,$(dir $?))
# automatic
 
@D = $(patsubst %/,%,$(dir $@))
# automatic
@F = $(notdir $@)
# makefile
CURDIR := /Users/rileyedmunds/stride/stride
# makefile
SHELL = /bin/sh
# makefile (from `tools.mk', line 40)
BIN = $(PREFIX)/bin
# makefile (from `tools.mk', line 10)
GO := /usr/local/go/bin/go
# environment
PROMPT_EOL_MARK = 
# environment
VSCODE_NLS_CONFIG = {"locale":"en-us","availableLanguages":{},"_languagePackSupport":true}
# makefile (from `Makefile', line 50)
whitespace := $(subst ,, )
# environment
_ = /usr/bin/make
# makefile (from `Makefile', line 7)
SDK_PACK := github.com/cosmos/cosmos-sdk@v0.45.4
# makefile (from `sims.mk', line 1)
MAKEFILE_LIST :=  Makefile tools.mk sims.mk
# makefile (from `Makefile', line 31)
GCC = $(shell command -v gcc 2> /dev/null)
# makefile (from `Makefile', line 12)
GO111MODULE = on
# environment
VSCODE_AMD_ENTRYPOINT = vs/workbench/api/node/extensionHostProcess
# makefile (from `Makefile', line 4)
VERSION := 0-13-g337247a
# environment
VSCODE_VERBOSE_LOGGING = true
# makefile (from `Makefile', line 9)
BUILDDIR = $(CURDIR)/build
# makefile (from `Makefile', line 173)
containerProtoFmt = stride-proto-fmt-$(protoVer)
# makefile (from `Makefile', line 71)
ldflags := -X github.com/cosmos/cosmos-sdk/version.Name=stride -X github.com/cosmos/cosmos-sdk/version.AppName=strided -X github.com/cosmos/cosmos-sdk/version.Version=0-13-g337247a -X github.com/cosmos/cosmos-sdk/version.Commit=337247add58e48d9ba9f0450eeb0f0a5784ee61a -X "github.com/cosmos/cosmos-sdk/version.BuildTags=netgo,ledger" -w -s
# environment
__CFBundleIdentifier = com.microsoft.VSCode
# environment
INFOPATH = /opt/homebrew/share/info:
# environment
VSCODE_IPC_HOOK_EXTHOST = /var/folders/m5/12pnd05500n56z31y9rtmmsr0000gn/T/vscode-ipc-6ec25369-892d-4ace-94ef-3fea6c5dec1c.sock
# environment
VSCODE_CWD = /
# environment
GOPROXY = https://proxy.golang.org,direct
# environment
PATH = /opt/homebrew/bin:/opt/homebrew/sbin:/usr/local/bin:/usr/bin:/bin:/usr/sbin:/sbin:/usr/local/go/bin
# makefile (from `Makefile', line 10)
TEST_DOCKER_REPO = Stride-Labs/stridednode
# environment
LSCOLORS = Gxfxcxdxbxegedabagacad
# makefile (from `Makefile', line 170)
protoVer = v0.2
# makefile (from `Makefile', line 51)
comma := ,
# makefile (from `Makefile', line 8)
DOCKER := /usr/local/bin/docker
# environment
GOPATH = /Users/rileyedmunds/.go
# makefile (from `Makefile', line 6)
LEDGER_ENABLED = true
# environment
VSCODE_LOG_STACK = false
# environment
ELECTRON_RUN_AS_NODE = 1
# makefile (from `Makefile', line 5)
COMMIT := 337247add58e48d9ba9f0450eeb0f0a5784ee61a
# default
.FEATURES := target-specific order-only second-expansion else-if archives jobserver check-symlink
# environment
SSH_AUTH_SOCK = /private/tmp/com.apple.launchd.AguKr7MM0z/Listeners
# automatic
%F = $(notdir $%)
# makefile (from `Makefile', line 27)
UNAME_S = $(shell uname -s)
# makefile (from `Makefile', line 52)
build_tags_comma_sep := netgo,ledger
# environment
VSCODE_PIPE_LOGGING = true
# environment
PWD = /Users/rileyedmunds/stride/stride
# environment
HOMEBREW_CELLAR = /opt/homebrew/Cellar
# environment
ORIGINAL_XDG_CURRENT_DESKTOP = undefined
# environment
MANPATH = /opt/homebrew/share/man::
# environment
GOMODCACHE = /Users/rileyedmunds/.go/pkg/mod
# environment
HOME = /Users/rileyedmunds
# makefile (from `tools.mk', line 47)
BUF_VERSION = 0.11.0
# default
MAKEFILEPATH = $(shell /usr/bin/xcode-select -print-path 2>/dev/null || echo /Developer)/Makefiles
# environment
VSCODE_CODE_CACHE_PATH = /Users/rileyedmunds/Library/Application Support/Code/CachedData/c3511e6c69bb39013c4a4b7b9566ec1ca73fc4d5
# environment
LOGNAME = rileyedmunds
# environment
APPLICATION_INSIGHTS_NO_DIAGNOSTIC_CHANNEL = 1
# environment
ZSH = /Users/rileyedmunds/.oh-my-zsh
# environment
VSCODE_HANDLES_UNCAUGHT_ERRORS = true
# automatic
^D = $(patsubst %/,%,$(dir $^))
# makefile (from `tools.mk', line 50)
STATIK = $(TOOLS_DESTDIR)/statik
# environment
XPC_FLAGS = 0x0
# default
MAKE = $(MAKE_COMMAND)
# default
MAKECMDGOALS := all
# environment
SHLVL = 1
# makefile (from `sims.mk', line 6)
BINDIR = $(GOPATH)/bin
# makefile (from `sims.mk', line 56)
SIM_NUM_BLOCKS = 500
# makefile (from `Makefile', line 76)
BUILD_FLAGS := -tags "netgo ledger" -ldflags '-X github.com/cosmos/cosmos-sdk/version.Name=stride -X github.com/cosmos/cosmos-sdk/version.AppName=strided -X github.com/cosmos/cosmos-sdk/version.Version=0-13-g337247a -X github.com/cosmos/cosmos-sdk/version.Commit=337247add58e48d9ba9f0450eeb0f0a5784ee61a -X "github.com/cosmos/cosmos-sdk/version.BuildTags=netgo,ledger" -w -s' -trimpath
# default
MAKE_VERSION := 3.81
# environment
USER = rileyedmunds
# makefile (from `sims.mk', line 57)
SIM_BLOCK_SIZE = 200
# makefile
.DEFAULT_GOAL := tools
# makefile (from `tools.mk', line 45)
GITHUBDIR := /Users/rileyedmunds/.go"/"src"/"github.com
# makefile (from `tools.mk', line 11)
FS := "/"
# makefile (from `tools.mk', line 42)
UNAME_M = $(shell uname -m)
# makefile (from `Makefile', line 172)
containerProtoGen = stride-proto-gen-$(protoVer)
# environment
LESS = -R
# automatic
%D = $(patsubst %/,%,$(dir $%))
# makefile (from `tools.mk', line 32)
mkfile_dir := /Users/rileyedmunds/stride/stride
# default
MAKE_COMMAND := /Library/Developer/CommandLineTools/usr/bin/make
# makefile (from `Makefile', line 3)
PACKAGES_SIMTEST = $(shell go list ./... | grep '/simulation')
# default
.VARIABLES := 
# environment
TMPDIR = /var/folders/m5/12pnd05500n56z31y9rtmmsr0000gn/T/
# automatic
*F = $(notdir $*)
# environment
VSCODE_IPC_HOOK = /Users/rileyedmunds/Library/Application Support/Code/1.67.2-main.sock
# makefile
MAKEFLAGS = Rrqp
# makefile (from `tools.mk', line 49)
TOOLS_DESTDIR = $(GOPATH)/bin
# environment
MFLAGS = -Rrqp
# automatic
*D = $(patsubst %/,%,$(dir $*))
# environment
XPC_SERVICE_NAME = application.com.microsoft.VSCode.317671.317677
# environment
HOMEBREW_PREFIX = /opt/homebrew
# automatic
+D = $(patsubst %/,%,$(dir $+))
# makefile (from `tools.mk', line 51)
RUNSIM = $(TOOLS_DESTDIR)/runsim
# automatic
+F = $(notdir $+)
# environment
HOMEBREW_REPOSITORY = /opt/homebrew
# makefile (from `tools.mk', line 22)
go_get = $(if $(findstring Windows_NT,$(OS)), IF NOT EXIST $(GITHUBDIR)$(FS)$(1)$(FS) ( mkdir $(GITHUBDIR)$(FS)$(1) ) else (cd .) & IF NOT EXIST $(GITHUBDIR)$(FS)$(1)$(FS)$(2)$(FS) ( cd $(GITHUBDIR)$(FS)$(1) && git clone https://github.com/$(1)/$(2) ) else (cd .) & , mkdir -p $(GITHUBDIR)$(FS)$(1) && (test ! -d $(GITHUBDIR)$(FS)$(1)$(FS)$(2) && cd $(GITHUBDIR)$(FS)$(1) && git clone https://github.com/$(1)/$(2)) || true && ) cd $(GITHUBDIR)$(FS)$(1)$(FS)$(2) && git fetch origin && git checkout -q $(3)
# environment
__CF_USER_TEXT_ENCODING = 0x1F5:0x0:0x0
# environment
COMMAND_MODE = unix2003
# default
MAKEFILES := 
# automatic
<F = $(notdir $<)
# environment
PAGER = less
# environment
LC_ALL = C
# environment
CONDA_CHANGEPS1 = no
# makefile (from `sims.mk', line 7)
SIMAPP = ./app
# makefile (from `Makefile', line 171)
protoImageName = tendermintdev/sdk-proto-gen:$(protoVer)
# automatic
^F = $(notdir $^)
# default
SUFFIXES := 
# makefile (from `Makefile', line 88)
BUILD_TARGETS := build install
# environment
MAKELEVEL := 0
# makefile (from `sims.mk', line 58)
SIM_COMMIT = true
# environment
LANG = C
# environment
VSCODE_PID = 59672
# makefile (from `tools.mk', line 31)
mkfile_path := /Users/rileyedmunds/stride/stride/tools.mk
# variable set hash-table stats:
# Load=115/1024=11%, Rehash=0, Collisions=16/241=7%

# Pattern-specific Variable Values

# No pattern-specific variable values.

# Directories

# . (device 16777234, inode 1212060): 23 files, no impossibilities.

# 23 files, no impossibilities in 1 directories.

# Implicit Rules

# No implicit rules.

# Files

runsim: /Users/rileyedmunds/.go/bin/runsim
#  Phony target (prerequisite of .PHONY).
#  Implicit rule search has not been done.
#  File does not exist.
#  File has not been updated.

build-linux: go.sum
#  Phony target (prerequisite of .PHONY).
#  Implicit rule search has not been done.
#  File does not exist.
#  File has not been updated.
#  commands to execute (from `Makefile', line 110):
	LEDGER_ENABLED=false GOOS=linux GOARCH=amd64 $(MAKE) build
	

go.sum: go.mod
 
#  Implicit rule search has not been done.
#  Last modified 2022-05-20 08:36:15
#  File has been updated.
#  Successfully updated.
# variable set hash-table stats:
# Load=0/32=0%, Rehash=0, Collisions=0/0=0%
#  commands to execute (from `Makefile', line 121):
	@echo "--> Ensure dependencies have not been modified"
	@go mod verify
	

all: install lint test
#  Phony target (prerequisite of .PHONY).
#  Command-line target.
#  Implicit rule search has not been done.
#  File does not exist.
#  File has been updated.
#  Needs to be updated (-q is set).
# variable set hash-table stats:
# Load=0/32=0%, Rehash=0, Collisions=0/4=0%

proto-gen:
#  Implicit rule search has not been done.
#  Modification time never checked.
#  File has not been updated.
#  commands to execute (from `Makefile', line 176):
	@echo "Generating Protobuf files"
	@if docker ps -a --format '{{.Names}}' | grep -Eq "^${containerProtoGen}$$"; then docker start -a $(containerProtoGen); else docker run --name $(containerProtoGen) -v $(CURDIR):/workspace --workdir /workspace $(protoImageName) \
	sh ./scripts/protocgen.sh; fi
	

.PHONY: tools-clean statik runsim sync-docs test-sim-nondeterminism test-sim-custom-genesis-fast test-sim-import-export test-sim-after-import test-sim-custom-genesis-multi-seed test-sim-multi-seed-short test-sim-multi-seed-long test-sim-benchmark-invariants test-sim-profile test-sim-benchmark all build-linux install format lint go-mod-cache draw-deps clean build setup-transactions setup-contract-tests-data start-stride run-lcd-contract-tests contract-tests test test-all test-build test-cover test-unit test-race benchmark build-docker-stridednode localnet-start localnet-stop docker-single-node
#  Implicit rule search has not been done.
#  Modification time never checked.
#  File has not been updated.

go-mod-cache: go.sum
#  Phony target (prerequisite of .PHONY).
#  Implicit rule search has not been done.
#  File does not exist.
#  File has not been updated.
#  commands to execute (from `Makefile', line 117):
	@echo "--> Download go modules to local cache"
	@go mod download
	

distclean: clean
#  Implicit rule search has not been done.
#  Modification time never checked.
#  File has not been updated.
#  commands to execute (from `Makefile', line 133):
	rm -rf vendor/
	

proto-format:
#  Implicit rule search has not been done.
#  Modification time never checked.
#  File has not been updated.
#  commands to execute (from `Makefile', line 181):
	@echo "Formatting Protobuf files"
	@if docker ps -a --format '{{.Names}}' | grep -Eq "^${containerProtoFmt}$$"; then docker start -a $(containerProtoFmt); else docker run --name $(containerProtoFmt) -v $(CURDIR):/workspace --workdir /workspace tendermintdev/docker-build-proto \
	find ./ -not -path "./third_party/*" -name "*.proto" -exec clang-format -i {} \; ; fi
	

# Not a target:
.SUFFIXES:
#  Implicit rule search has not been done.
#  Modification time never checked.
#  File has not been updated.

test-sim-multi-seed-short: runsim
#  Phony target (prerequisite of .PHONY).
#  Implicit rule search has not been done.
#  File does not exist.
#  File has not been updated.
#  commands to execute (from `sims.mk', line 37):
	@echo "Running short multi-seed application simulation. This may take awhile!"
	@$(BINDIR)/runsim -Jobs=4 -SimAppPkg=$(SIMAPP) -ExitOnFail 50 10 TestFullAppSimulation
	

format:
#  Phony target (prerequisite of .PHONY).
#  Implicit rule search has not been done.
#  File does not exist.
#  File has not been updated.
#  commands to execute (from `Makefile', line 241):
	find . -name '*.go' -type f -not -path "./vendor*" -not -path "*.git*" -not -path "./client/lcd/statik/statik.go" | xargs gofmt -w -s
	find . -name '*.go' -type f -not -path "./vendor*" -not -path "*.git*" -not -path "./client/lcd/statik/statik.go" | xargs misspell -w
	find . -name '*.go' -type f -not -path "./vendor*" -not -path "*.git*" -not -path "./client/lcd/statik/statik.go" | xargs goimports -w -local github.com/cosmos/cosmos-sdk
	

# Not a target:
Makefile:
#  Implicit rule search has been done.
#  Last modified 2022-05-20 08:36:15
#  File has been updated.
#  Successfully updated.
# variable set hash-table stats:
# Load=0/32=0%, Rehash=0, Collisions=0/0=0%

test-sim-custom-genesis-fast:
#  Phony target (prerequisite of .PHONY).
#  Implicit rule search has not been done.
#  File does not exist.
#  File has not been updated.
#  commands to execute (from `sims.mk', line 14):
	@echo "Running custom genesis simulation..."
	@echo "By default, ${HOME}/.strided/config/genesis.json will be used."
	@go test -mod=readonly $(SIMAPP) -run TestFullAppSimulation -Genesis=${HOME}/.strided/config/genesis.json \
	-Enabled=true -NumBlocks=100 -BlockSize=200 -Commit=true -Seed=99 -Period=5 -v -timeout 24h
	

proto-tools-stamp:
#  Implicit rule search has not been done.
#  Modification time never checked.
#  File has not been updated.
#  commands to execute (from `tools.mk', line 62):
	bash $(mkfile_dir)/proto-tools-installer.sh
	# Create dummy file to satisfy dependency and avoid
	# rebuilding when this Makefile target is hit twice
	# in a row.
	touch $@
	

proto:
#  Implicit rule search has not been done.
#  Modification time never checked.
#  File has not been updated.
#  commands to execute (from `Makefile', line 142):
	@echo
	@echo "=========== Generate Message ============"
	@echo
	./scripts/protocgen.sh
	@echo
	@echo "=========== Generate Complete ============"
	@echo
	

build-contract-tests-hooks:
#  Implicit rule search has not been done.
#  Modification time never checked.
#  File has not been updated.
#  commands to execute (from `Makefile', line 113):
	mkdir -p $(BUILDDIR)
	go build -mod=readonly $(BUILD_FLAGS) -o $(BUILDDIR)/ ./cmd/contract_tests
	

test: test-build
#  Phony target (prerequisite of .PHONY).
#  Implicit rule search has not been done.
#  File does not exist.
#  File has not been updated.
#  commands to execute (from `Makefile', line 285):
	./scripts/simple_test.sh
	

build: go.sum /Users/rileyedmunds/stride/stride/build
#  Phony target (prerequisite of .PHONY).
#  Implicit rule search has not been done.
#  File does not exist.
#  File has not been updated.
# makefile (from `Makefile', line 90)
# BUILD_ARGS = -o $(BUILDDIR)/
# variable set hash-table stats:
# Load=1/32=3%, Rehash=0, Collisions=0/1=0%
#  commands to execute (from `Makefile', line 93):
	go $@ -mod=readonly $(BUILD_FLAGS) $(BUILD_ARGS) ./...
	

proto-all: proto-format proto-gen
#  Implicit rule search has not been done.
#  Modification time never checked.
#  File has not been updated.

benchmark:
#  Phony target (prerequisite of .PHONY).
#  Implicit rule search has not been done.
#  File does not exist.
#  File has not been updated.
#  commands to execute (from `Makefile', line 229):
	@go test -mod=readonly -bench=. ./...
	

test-unit:
#  Phony target (prerequisite of .PHONY).
#  Implicit rule search has not been done.
#  File does not exist.
#  File has not been updated.
#  commands to execute (from `Makefile', line 220):
	@VERSION=$(VERSION) go test -mod=readonly -tags='ledger test_ledger_mock norace' ./...
	

test-all: check test-race test-cover
#  Phony target (prerequisite of .PHONY).
#  Implicit rule search has not been done.
#  File does not exist.
#  File has not been updated.

test-sim-benchmark-invariants:
#  Phony target (prerequisite of .PHONY).
#  Implicit rule search has not been done.
#  File does not exist.
#  File has not been updated.
#  commands to execute (from `sims.mk', line 41):
	@echo "Running simulation invariant benchmarks..."
	@go test -mod=readonly $(SIMAPP) -benchmem -bench=BenchmarkInvariants -run=^$ \
	-Enabled=true -NumBlocks=1000 -BlockSize=200 \
	-Period=1 -Commit=true -Seed=57 -v -timeout 24h
	

tools-stamp: statik runsim
#  Implicit rule search has not been done.
#  Modification time never checked.
#  File has not been updated.
#  commands to execute (from `tools.mk', line 55):
	# Create dummy file to satisfy dependency and avoid
	# rebuilding when this Makefile target is hit twice
	# in a row.
	touch $@
	

localnet-stop:
#  Phony target (prerequisite of .PHONY).
#  Implicit rule search has not been done.
 
#  File does not exist.
#  File has not been updated.
#  commands to execute (from `Makefile', line 261):
	docker-compose down
	

# Not a target:
sims.mk:
#  Implicit rule search has been done.
#  Last modified 2022-05-20 08:36:15
#  File has been updated.
#  Successfully updated.
# variable set hash-table stats:
# Load=0/32=0%, Rehash=0, Collisions=0/0=0%

build-docker-stridednode:
#  Phony target (prerequisite of .PHONY).
#  Implicit rule search has not been done.
#  File does not exist.
#  File has not been updated.
#  commands to execute (from `Makefile', line 250):
	$(MAKE) -C contrib/localtestnet
	

test-sim-custom-genesis-multi-seed: runsim
#  Phony target (prerequisite of .PHONY).
#  Implicit rule search has not been done.
#  File does not exist.
#  File has not been updated.
#  commands to execute (from `sims.mk', line 28):
	@echo "Running multi-seed custom genesis simulation..."
	@echo "By default, ${HOME}/.strided/config/genesis.json will be used."
	@$(BINDIR)/runsim -Genesis=${HOME}/.strided/config/genesis.json -SimAppPkg=$(SIMAPP) -ExitOnFail 400 5 TestFullAppSimulation
	

/Users/rileyedmunds/.go/bin/runsim:
#  Implicit rule search has not been done.
#  Modification time never checked.
#  File has not been updated.
#  commands to execute (from `tools.mk', line 85):
	@echo "Installing runsim..."
	@(cd /tmp && go get github.com/cosmos/tools/cmd/runsim@v1.0.0)
	

setup-contract-tests-data:
#  Phony target (prerequisite of .PHONY).
#  Implicit rule search has not been done.
#  File does not exist.
#  File has not been updated.

docker-single-node:
#  Phony target (prerequisite of .PHONY).
#  Implicit rule search has not been done.
#  File does not exist.
#  File has not been updated.

# Not a target:
go.mod:
#  Implicit rule search has been done.
#  Last modified 2022-05-20 08:36:15
#  File has been updated.
#  Successfully updated.
# variable set hash-table stats:
# Load=0/32=0%, Rehash=0, Collisions=0/0=0%

/Users/rileyedmunds/.go/bin/statik:
#  Implicit rule search has not been done.
#  Modification time never checked.
#  File has not been updated.
#  commands to execute (from `tools.mk', line 75):
	@echo "Installing statik..."
	@(cd /tmp && go get github.com/rakyll/statik@v0.1.6)
	

test-race:
#  Phony target (prerequisite of .PHONY).
#  Implicit rule search has not been done.
#  File does not exist.
#  File has not been updated.
#  commands to execute (from `Makefile', line 223):
	@VERSION=$(VERSION) go test -mod=readonly -race -tags='ledger test_ledger_mock' ./...
	

# Not a target:
.DEFAULT:
#  Implicit rule search has not been done.
#  Modification time never checked.
#  File has not been updated.

test-sim-benchmark:
#  Phony target (prerequisite of .PHONY).
#  Implicit rule search has not been done.
#  File does not exist.
#  File has not been updated.
#  commands to execute (from `sims.mk', line 61):
	@echo "Running application benchmark for numBlocks=$(SIM_NUM_BLOCKS), blockSize=$(SIM_BLOCK_SIZE). This may take awhile!"
	@go test -mod=readonly -benchmem -run=^$$ $(SIMAPP) -bench ^BenchmarkFullAppSimulation$$  \
	-Enabled=true -NumBlocks=$(SIM_NUM_BLOCKS) -BlockSize=$(SIM_BLOCK_SIZE) -Commit=$(SIM_COMMIT) -timeout 24h
	

test-docker:
#  Implicit rule search has not been done.
#  Modification time never checked.
#  File has not been updated.
#  commands to execute (from `Makefile', line 267):
	@docker build -f contrib/Dockerfile.test -t ${TEST_DOCKER_REPO}:$(shell git rev-parse --short HEAD) .
	@docker tag ${TEST_DOCKER_REPO}:$(shell git rev-parse --short HEAD) ${TEST_DOCKER_REPO}:$(shell git rev-parse --abbrev-ref HEAD | sed 's#/#_#g')
	@docker tag ${TEST_DOCKER_REPO}:$(shell git rev-parse --short HEAD) ${TEST_DOCKER_REPO}:latest
	
 

contract-tests:
#  Phony target (prerequisite of .PHONY).
#  Implicit rule search has not been done.
#  File does not exist.
#  File has not been updated.

/Users/rileyedmunds/stride/stride/build:
#  Implicit rule search has not been done.
#  Implicit/static pattern stem: `'
#  File does not exist.
#  File has been updated.
#  Needs to be updated (-q is set).
# automatic
# @ := /Users/rileyedmunds/stride/stride/build
# automatic
# % := 
# automatic
# * := 
# automatic
# + := 
# automatic
# | := 
# automatic
# < := 
# automatic
# ^ := 
# automatic
# ? := 
# variable set hash-table stats:
# Load=8/32=25%, Rehash=0, Collisions=2/12=17%
#  commands to execute (from `Makefile', line 96):
	mkdir -p $(BUILDDIR)/
	

statik: /Users/rileyedmunds/.go/bin/statik
#  Phony target (prerequisite of .PHONY).
#  Implicit rule search has not been done.
#  File does not exist.
#  File has not been updated.

start-stride:
#  Phony target (prerequisite of .PHONY).
#  Implicit rule search has not been done.
#  File does not exist.
#  File has not been updated.

setup-transactions:
#  Phony target (prerequisite of .PHONY).
#  Implicit rule search has not been done.
#  File does not exist.
#  File has not been updated.

draw-deps:
#  Phony target (prerequisite of .PHONY).
#  Implicit rule search has not been done.
#  File does not exist.
#  File has not been updated.
#  commands to execute (from `Makefile', line 125):
	@# requires brew install graphviz or apt-get install graphviz
	go get github.com/RobotsAndPencils/goviz
	@goviz -i ./cmd/strided -d 2 | dot -Tpng -o dependency-graph.png
	

clean:
#  Phony target (prerequisite of .PHONY).
#  Implicit rule search has not been done.
#  File does not exist.
#  File has not been updated.
#  commands to execute (from `Makefile', line 130):
	rm -rf $(BUILDDIR)/ artifacts/
	

build-reproducible: go.sum
#  Implicit rule search has not been done.
#  Modification time never checked.
#  File has not been updated.
#  commands to execute (from `Makefile', line 99):
	$(DOCKER) rm latest-build || true
	$(DOCKER) run --volume=$(CURDIR):/sources:ro \
	--env TARGET_PLATFORMS='linux/amd64 darwin/amd64 linux/arm64 windows/amd64' \
	--env APP=strided \
	--env VERSION=$(VERSION) \
	--env COMMIT=$(COMMIT) \
	--env LEDGER_ENABLED=$(LEDGER_ENABLED) \
	--name latest-build cosmossdk/rbuilder:latest
	$(DOCKER) cp -a latest-build:/home/builder/artifacts/ $(CURDIR)/
	

test-sim-multi-seed-long: runsim
#  Phony target (prerequisite of .PHONY).
#  Implicit rule search has not been done.
#  File does not exist.
#  File has not been updated.
#  commands to execute (from `sims.mk', line 33):
	@echo "Running long multi-seed application simulation. This may take awhile!"
	@$(BINDIR)/runsim -Jobs=4 -SimAppPkg=$(SIMAPP) -ExitOnFail 500 50 TestFullAppSimulation
	

test-cover:
#  Phony target (prerequisite of .PHONY).
#  Implicit rule search has not been done.
#  File does not exist.
#  File has not been updated.
#  commands to execute (from `Makefile', line 226):
	@go test -mod=readonly -timeout 30m -coverprofile=coverage.txt -covermode=atomic -tags='ledger test_ledger_mock' ./...
	

build-docs:
#  Implicit rule search has not been done.
#  Modification time never checked.
#  File has not been updated.
#  commands to execute (from `Makefile', line 190):
	@cd docs && \
	while read p; do \
	(git checkout $${p} && npm install && VUEPRESS_BASE="/$${p}/" npm run build) ; \
	mkdir -p ~/output/$${p} ; \
	cp -r .vuepress/dist/* ~/output/$${p}/ ; \
	cp ~/output/$${p}/index.html ~/output ; \
	done < versions ;
	

localnet-start: build-linux build-docker-stridednode
#  Phony target (prerequisite of .PHONY).
#  Implicit rule search has not been done.
#  File does not exist.
#  File has not been updated.
#  commands to execute (from `Makefile', line 254):
	@if ! [ -f $(BUILDDIR)/node0/strided/config/genesis.json ]; \
	then docker run --rm -v $(BUILDDIR):/strided:Z stride-labs/stridednode testnet --v 4 -o . --starting-ip-address 192.168.10.2 --keyring-backend=test ; \
	fi
	docker-compose up -d
	

test-build:
#  Phony target (prerequisite of .PHONY).
#  Implicit rule search has not been done.
#  File does not exist.
#  File has not been updated.

docs:
#  Implicit rule search has not been done.
#  Modification time never checked.
#  File has not been updated.
#  commands to execute (from `Makefile', line 154):
	@echo
	@echo "=========== Generate Message ============"
	@echo
	./scripts/generate-docs.sh
	statik -src=client/docs/static -dest=client/docs -f -m
	@if [ -n "$(git status --porcelain)" ]; then \
	echo "\033[91mSwagger docs are out of sync!!!\033[0m";\
	exit 1;\
	else \
	echo "\033[92mSwagger docs are in sync\033[0m";\
	fi
	@echo
	@echo "=========== Generate Complete ============"
	@echo
	

test-sim-after-import: runsim
#  Phony target (prerequisite of .PHONY).
#  Implicit rule search has not been done.
#  File does not exist.
#  File has not been updated.
#  commands to execute (from `sims.mk', line 24):
	@echo "Running application simulation-after-import. This may take several minutes..."
	@$(BINDIR)/runsim -Jobs=4 -SimAppPkg=$(SIMAPP) -ExitOnFail 50 5 TestAppSimulationAfterImport
	

clean-localnet: localnet-stop
#  Implicit rule search has not been done.
#  Modification time never checked.
#  File has not been updated.
#  commands to execute (from `Makefile', line 264):
	rm -rf $(BUILDDIR)/node* $(BUILDDIR)/gentxs
	

sync-docs:
#  Phony target (prerequisite of .PHONY).
#  Implicit rule search has not been done.
#  File does not exist.
#  File has not been updated.
#  commands to execute (from `Makefile', line 199):
	cd ~/output && \
	echo "role_arn = ${DEPLOYMENT_ROLE_ARN}" >> /root/.aws/config ; \
	echo "CI job = ${CIRCLE_BUILD_URL}" >> version.html ; \
	aws s3 sync . s3://${WEBSITE_BUCKET} --profile terraform --delete ; \
	aws cloudfront create-invalidation --distribution-id ${CF_DISTRIBUTION_ID} --profile terraform --path "/*" ;
	

test-docker-push: test-docker
#  Implicit rule search has not been done.
#  Modification time never checked.
#  File has not been updated.
#  commands to execute (from `Makefile', line 272):
	@docker push ${TEST_DOCKER_REPO}:$(shell git rev-parse --short HEAD)
	@docker push ${TEST_DOCKER_REPO}:$(shell git rev-parse --abbrev-ref HEAD | sed 's#/#_#g')
	@docker push ${TEST_DOCKER_REPO}:latest
	

proto-tools: proto-tools-stamp
#  Implicit rule search has not been done.
#  Modification time never checked.
#  File has not been updated.

lint:
#  Phony target (prerequisite of .PHONY).
#  Implicit rule search has not been done.
#  File does not exist.
#  File has not been updated.
#  commands to execute (from `Makefile', line 237):
	golangci-lint run --disable-all -E errcheck
	find . -name '*.go' -type f -not -path "./vendor*" -not -path "*.git*" | xargs gofmt -d -s
	

tools-clean:
#  Phony target (prerequisite of .PHONY).
#  Implicit rule search has not been done.
#  File does not exist.
#  File has not been updated.
#  commands to execute (from `tools.mk', line 89):
	rm -f $(STATIK) $(GOLANGCI_LINT) $(RUNSIM)
	rm -f proto-tools-stamp tools-stamp
	

# Not a target:
check:
#  Implicit rule search has not been done.
#  Modification time never checked.
#  File has not been updated.

test-sim-nondeterminism:
#  Phony target (prerequisite of .PHONY).
#  Implicit rule search has not been done.
#  File does not exist.
#  File has not been updated.
#  commands to execute (from `sims.mk', line 9):
	@echo "Running non-determinism test..."
	@go test -mod=readonly $(SIMAPP) -run TestAppStateDeterminism -Enabled=true \
	-NumBlocks=100 -BlockSize=200 -Commit=true -Period=0 -v -timeout 24h
	

run-lcd-contract-tests:
#  Phony target (prerequisite of .PHONY).
#  Implicit rule search has not been done.
#  File does not exist.
#  File has not been updated.

# Not a target:
tools.mk:
#  Implicit rule search has been done.
#  Last modified 2022-05-20 08:36:15
#  File has been updated.
#  Successfully updated.
# variable set hash-table stats:
# Load=0/32=0%, Rehash=0, Collisions=0/0=0%

test-sim-profile:
#  Phony target (prerequisite of .PHONY).
#  Implicit rule search has not been done.
#  File does not exist.
#  File has not been updated.
 
#  commands to execute (from `sims.mk', line 66):
	@echo "Running application benchmark for numBlocks=$(SIM_NUM_BLOCKS), blockSize=$(SIM_BLOCK_SIZE). This may take awhile!"
	@go test -mod=readonly -benchmem -run=^$$ $(SIMAPP) -bench ^BenchmarkFullAppSimulation$$ \
	-Enabled=true -NumBlocks=$(SIM_NUM_BLOCKS) -BlockSize=$(SIM_BLOCK_SIZE) -Commit=$(SIM_COMMIT) -timeout 24h -cpuprofile cpu.out -memprofile mem.out
	

tools: tools-stamp
#  Implicit rule search has not been done.
#  Modification time never checked.
#  File has not been updated.

test-sim-import-export: runsim
#  Phony target (prerequisite of .PHONY).
#  Implicit rule search has not been done.
#  File does not exist.
#  File has not been updated.
#  commands to execute (from `sims.mk', line 20):
	@echo "Running application import/export simulation. This may take several minutes..."
	@$(BINDIR)/runsim -Jobs=4 -SimAppPkg=$(SIMAPP) -ExitOnFail 50 5 TestAppImportExport
	

install: go.sum /Users/rileyedmunds/stride/stride/build
#  Phony target (prerequisite of .PHONY).
#  Implicit rule search has not been done.
#  File does not exist.
#  File has been updated.
#  Needs to be updated (-q is set).
# variable set hash-table stats:
# Load=0/32=0%, Rehash=0, Collisions=0/4=0%
#  commands to execute (from `Makefile', line 93):
	go $@ -mod=readonly $(BUILD_FLAGS) $(BUILD_ARGS) ./...
	

# files hash-table stats:
# Load=67/1024=7%, Rehash=0, Collisions=7/163=4%
# VPATH Search Paths

# No `vpath' search paths.

# No general (`VPATH' variable) search path.

# # of strings in strcache: 3
# # of strcache buffers: 1
# strcache size: total = 4096 / max = 4096 / min = 4096 / avg = 4096
# strcache free: total = 4070 / max = 4070 / min = 4070 / avg = 4070

# Finished Make data base on Fri May 20 08:37:10 2022

 
