STRIDE @ 359 | 3 VALS
GAIA   @ 552 | 1 VALS
EVMOS   @ 552 | 1 VALS

BALANCES STRIDE
balances:
- amount: "4995000000000"
  denom: ustrd
pagination:
  next_key: null
  total: "0"

==========================  GAIA  =============================

BALANCES GAIA (DELEGATION ACCT)
balances: []
pagination:
  next_key: null
  total: "0"

DELEGATIONS GAIA (DELEGATION ACCT)
delegation_responses: []
pagination:
  next_key: null
  total: "0"

UNBONDING-DELEGATIONS GAIA (DELEGATION ACCT)
pagination:
  next_key: null
  total: "0"
unbonding_responses: []

BALANCES GAIA (REDEMPTION ACCT)
